3Dboxes.dem
all.dem
animate.dem
array.dem
binary_polygon.dem
boxclusters.dem
boxes3d.dem
boxplot.dem
break_continue.dem
candlesticks.dem
circles.dem
custom_key.dem
dgrid3d.dem
ellipse.dem
heatmap_points.dem
histerror.dem
histograms.dem
histograms2.dem
if_filter.dem
kdensity2d.dem
layout.dem
lines_arrows.dem
mask_pm3d.dem
molecule.dem
mouselabels.dem
nokey.dem
nonlinear3.dem
orbits.dem
parallel.dem 
pixmap.dem
polygons.dem
rainbow.dem
random.dem
rgb_variable.dem 
rugplot.dem
solar_path.dem
smooth.dem
special_functions.dem
stats.dem
varcolor.dem
voxel.dem
palette+alpha.dem
